#
# A fatal error has been detected by the Java Runtime Environment:
#
#  EXCEPTION_ACCESS_VIOLATION (0xc0000005) at pc=0x00007ffe3285655b, pid=6632, tid=9872
#
# JRE version: Java(TM) SE Runtime Environment (8.0_66-b18) (build 1.8.0_66-b18)
# Java VM: Java HotSpot(TM) 64-Bit Server VM (25.66-b18 mixed mode windows-amd64 compressed oops)
# Problematic frame:
# C  [ig9icd64.dll+0x65655b]
#
# Failed to write core dump. Minidumps are not enabled by default on client versions of Windows
#
# If you would like to submit a bug report, please visit:
#   http://bugreport.java.com/bugreport/crash.jsp
# The crash happened outside the Java Virtual Machine in native code.
# See problematic frame for where to report the bug.
#

---------------  T H R E A D  ---------------

Current thread (0x0000000016651800):  JavaThread "LWJGL Application" [_thread_in_native, id=9872, stack(0x0000000017c90000,0x0000000017d90000)]

siginfo: ExceptionCode=0xc0000005, writing address 0x0000000000000001

Registers:
RAX=0x0000000000000043, RBX=0x0000000017d8d535, RCX=0x0000000000000001, RDX=0x0000000000000004
RSP=0x0000000017d8d4e0, RBP=0x0000000017d8d538, RSI=0x0000000000000004, RDI=0x0000000017d8d538
R8 =0xffffffffe8272acc, R9 =0x0000000017d8d5e0, R10=0x0000000017d8d4f0, R11=0xffffffffffffffff
R12=0x0000000017d8d9b8, R13=0x0000000017d8dc60, R14=0x0000000000000448, R15=0x0000000017d8dc60
RIP=0x00007ffe3285655b, EFLAGS=0x0000000000010202

Top of Stack: (sp=0x0000000017d8d4e0)
0x0000000017d8d4e0:   0000000000000000 0000000000000000
0x0000000017d8d4f0:   0000000000000000 0000000000000000
0x0000000017d8d500:   000000023e53e280 00007ffe32858838
0x0000000017d8d510:   0000000017d8d6a0 0000000017d8d610
0x0000000017d8d520:   0000000000000000 00007ffe00000000
0x0000000017d8d530:   dec0434200000006 0000000000000000
0x0000000017d8d540:   0000000000000000 0000000000040000
0x0000000017d8d550:   0000000200000018 0000000000000000
0x0000000017d8d560:   000000023e53e378 0000000058258570
0x0000000017d8d570:   0000000017d80104 0000000017d8d9b8
0x0000000017d8d580:   0000000017d8d538 0000000000000080
0x0000000017d8d590:   0000000000000002 0000000000000000
0x0000000017d8d5a0:   0000000000000000 0000000000000000
0x0000000017d8d5b0:   0000000000000000 0000000000000000
0x0000000017d8d5c0:   0000000000000000 0000000000000000
0x0000000017d8d5d0:   0000000000000000 0000000000000000 

Instructions: (pc=0x00007ffe3285655b)
0x00007ffe3285653b:   08 33 c0 48 3b dd 48 8b d6 48 0f 47 d0 48 85 d2
0x00007ffe3285654b:   74 1f 4c 8b c3 49 f7 d8 48 85 c9 74 05 0f b6 03
0x00007ffe3285655b:   88 01 48 ff c3 48 ff c1 49 8d 04 18 48 3b c2 75
0x00007ffe3285656b:   e7 48 01 77 08 48 8b 5c 24 30 48 8b 6c 24 38 48 


Register to memory mapping:

RAX=0x0000000000000043 is an unknown value
RBX=0x0000000017d8d535 is pointing into the stack for thread: 0x0000000016651800
RCX=0x0000000000000001 is an unknown value
RDX=0x0000000000000004 is an unknown value
RSP=0x0000000017d8d4e0 is pointing into the stack for thread: 0x0000000016651800
RBP=0x0000000017d8d538 is pointing into the stack for thread: 0x0000000016651800
RSI=0x0000000000000004 is an unknown value
RDI=0x0000000017d8d538 is pointing into the stack for thread: 0x0000000016651800
R8 =0xffffffffe8272acc is an unknown value
R9 =0x0000000017d8d5e0 is pointing into the stack for thread: 0x0000000016651800
R10=0x0000000017d8d4f0 is pointing into the stack for thread: 0x0000000016651800
R11=0xffffffffffffffff is an unknown value
R12=0x0000000017d8d9b8 is pointing into the stack for thread: 0x0000000016651800
R13=0x0000000017d8dc60 is pointing into the stack for thread: 0x0000000016651800
R14=0x0000000000000448 is an unknown value
R15=0x0000000017d8dc60 is pointing into the stack for thread: 0x0000000016651800


Stack: [0x0000000017c90000,0x0000000017d90000],  sp=0x0000000017d8d4e0,  free space=1013k
Native frames: (J=compiled Java code, j=interpreted, Vv=VM code, C=native code)
C  [ig9icd64.dll+0x65655b]

Java frames: (J=compiled Java code, j=interpreted, Vv=VM code)
J 1050  org.lwjgl.opengl.GL20.nglLinkProgram(IJ)V (0 bytes) @ 0x00000000027e5a04 [0x00000000027e59c0+0x44]
J 1157 C2 com.badlogic.gdx.graphics.glutils.ShaderProgram.compileShaders(Ljava/lang/String;Ljava/lang/String;)V (76 bytes) @ 0x0000000002864a5c [0x0000000002864840+0x21c]
J 1173 C2 com.badlogic.gdx.graphics.glutils.ShaderProgram.<init>(Ljava/lang/String;Ljava/lang/String;)V (246 bytes) @ 0x0000000002874060 [0x00000000028732c0+0xda0]
J 1190 C2 com.badlogic.gdx.graphics.g2d.SpriteBatch.createDefaultShader()Lcom/badlogic/gdx/graphics/glutils/ShaderProgram; (55 bytes) @ 0x000000000287b070 [0x000000000287afe0+0x90]
J 824 C2 com.badlogic.gdx.graphics.g2d.SpriteBatch.<init>(ILcom/badlogic/gdx/graphics/glutils/ShaderProgram;)V (416 bytes) @ 0x000000000272c9cc [0x000000000272b3a0+0x162c]
J 1199 C2 com.unimelb.swen30006.metromadness.MetroMadness.render()V (137 bytes) @ 0x00000000028915d8 [0x0000000002890880+0xd58]
j  com.badlogic.gdx.backends.lwjgl.LwjglApplication.mainLoop()V+698
j  com.badlogic.gdx.backends.lwjgl.LwjglApplication$1.run()V+27
v  ~StubRoutines::call_stub

---------------  P R O C E S S  ---------------

Java Threads: ( => current thread )
  0x0000000016ede000 JavaThread "LWJGL Timer" daemon [_thread_blocked, id=2468, stack(0x000000005d180000,0x000000005d280000)]
  0x00000000009de800 JavaThread "DestroyJavaVM" [_thread_blocked, id=10348, stack(0x00000000021f0000,0x00000000022f0000)]
=>0x0000000016651800 JavaThread "LWJGL Application" [_thread_in_native, id=9872, stack(0x0000000017c90000,0x0000000017d90000)]
  0x000000001639a800 JavaThread "Service Thread" daemon [_thread_blocked, id=10064, stack(0x0000000016760000,0x0000000016860000)]
  0x0000000014a16800 JavaThread "C1 CompilerThread2" daemon [_thread_blocked, id=8392, stack(0x0000000016260000,0x0000000016360000)]
  0x0000000014a12000 JavaThread "C2 CompilerThread1" daemon [_thread_blocked, id=1424, stack(0x0000000016160000,0x0000000016260000)]
  0x0000000014a0e800 JavaThread "C2 CompilerThread0" daemon [_thread_blocked, id=6656, stack(0x0000000016060000,0x0000000016160000)]
  0x0000000014a0d000 JavaThread "Attach Listener" daemon [_thread_blocked, id=8140, stack(0x0000000015f60000,0x0000000016060000)]
  0x0000000014a0c000 JavaThread "Signal Dispatcher" daemon [_thread_blocked, id=10644, stack(0x0000000015e60000,0x0000000015f60000)]
  0x00000000023e7000 JavaThread "Finalizer" daemon [_thread_blocked, id=8456, stack(0x0000000015c80000,0x0000000015d80000)]
  0x00000000023de000 JavaThread "Reference Handler" daemon [_thread_blocked, id=4520, stack(0x0000000015b80000,0x0000000015c80000)]

Other Threads:
  0x00000000149d7800 VMThread [stack: 0x0000000015a80000,0x0000000015b80000] [id=9792]
  0x00000000163aa800 WatcherThread [stack: 0x0000000016860000,0x0000000016960000] [id=3108]

VM state:not at safepoint (normal execution)

VM Mutex/Monitor currently owned by a thread: None

Heap:
 PSYoungGen      total 17920K, used 10040K [0x00000000eb100000, 0x00000000ecb80000, 0x0000000100000000)
  eden space 8704K, 32% used [0x00000000eb100000,0x00000000eb3ce008,0x00000000eb980000)
  from space 9216K, 77% used [0x00000000eb980000,0x00000000ec080000,0x00000000ec280000)
  to   space 9216K, 0% used [0x00000000ec280000,0x00000000ec280000,0x00000000ecb80000)
 ParOldGen       total 130048K, used 116807K [0x00000000c1200000, 0x00000000c9100000, 0x00000000eb100000)
  object space 130048K, 89% used [0x00000000c1200000,0x00000000c8411ff0,0x00000000c9100000)
 Metaspace       used 7292K, capacity 7587K, committed 7680K, reserved 1056768K
  class space    used 664K, capacity 688K, committed 768K, reserved 1048576K

Card table byte_map: [0x00000000117b0000,0x00000000119b0000] byte_map_base: 0x00000000111a7000

Marking Bits: (ParMarkBitMap*) 0x00000000647ca5b0
 Begin Bits: [0x0000000011f00000, 0x0000000012eb8000)
 End Bits:   [0x0000000012eb8000, 0x0000000013e70000)

Polling page: 0x00000000001f0000

CodeCache: size=245760Kb used=4528Kb max_used=4869Kb free=241231Kb
 bounds [0x00000000023f0000, 0x00000000028c0000, 0x00000000113f0000]
 total_blobs=1586 nmethods=1117 adapters=382
 compilation: enabled

Compilation events (10 events):
Event: 321.763 Thread 0x0000000014a16800 1239       3       com.unimelb.swen30006.metromadness.tracks.Line::nextTrack (72 bytes)
Event: 321.764 Thread 0x0000000014a16800 nmethod 1239 0x000000000251b6d0 code [0x000000000251b8e0, 0x000000000251c1b8]
Event: 321.776 Thread 0x0000000014a16800 1240       3       com.unimelb.swen30006.metromadness.tracks.DualTrack::canEnterTrack (30 bytes)
Event: 321.776 Thread 0x0000000014a16800 nmethod 1240 0x00000000025c9150 code [0x00000000025c92c0, 0x00000000025c9530]
Event: 321.779 Thread 0x0000000014a16800 1241       3       com.unimelb.swen30006.metromadness.tracks.Line::nextStation (78 bytes)
Event: 321.780 Thread 0x0000000014a16800 nmethod 1241 0x00000000025d2c10 code [0x00000000025d2e20, 0x00000000025d36f8]
Event: 323.909 Thread 0x0000000014a16800 1243   !   3       java.awt.geom.Point2D::clone (15 bytes)
Event: 323.909 Thread 0x0000000014a16800 nmethod 1243 0x00000000025de890 code [0x00000000025dea00, 0x00000000025dec18]
Event: 323.914 Thread 0x0000000014a16800 1242       3       com.unimelb.swen30006.metromadness.tracks.DualTrack::leaveTrack (21 bytes)
Event: 323.914 Thread 0x0000000014a16800 nmethod 1242 0x000000000250a7d0 code [0x000000000250a940, 0x000000000250ab30]

GC Heap History (10 events):
Event: 350.722 GC heap before
{Heap before GC invocations=178 (full 5):
 PSYoungGen      total 17920K, used 15512K [0x00000000eb100000, 0x00000000ecb80000, 0x0000000100000000)
  eden space 8704K, 99% used [0x00000000eb100000,0x00000000eb96e090,0x00000000eb980000)
  from space 9216K, 74% used [0x00000000ec280000,0x00000000ec938000,0x00000000ecb80000)
  to   space 9216K, 0% used [0x00000000eb980000,0x00000000eb980000,0x00000000ec280000)
 ParOldGen       total 130048K, used 114479K [0x00000000c1200000, 0x00000000c9100000, 0x00000000eb100000)
  object space 130048K, 88% used [0x00000000c1200000,0x00000000c81cbff0,0x00000000c9100000)
 Metaspace       used 7292K, capacity 7587K, committed 7680K, reserved 1056768K
  class space    used 664K, capacity 688K, committed 768K, reserved 1048576K
Event: 350.727 GC heap after
Heap after GC invocations=178 (full 5):
 PSYoungGen      total 17920K, used 6880K [0x00000000eb100000, 0x00000000ecb80000, 0x0000000100000000)
  eden space 8704K, 0% used [0x00000000eb100000,0x00000000eb100000,0x00000000eb980000)
  from space 9216K, 74% used [0x00000000eb980000,0x00000000ec038000,0x00000000ec280000)
  to   space 9216K, 0% used [0x00000000ec280000,0x00000000ec280000,0x00000000ecb80000)
 ParOldGen       total 130048K, used 114959K [0x00000000c1200000, 0x00000000c9100000, 0x00000000eb100000)
  object space 130048K, 88% used [0x00000000c1200000,0x00000000c8243ff0,0x00000000c9100000)
 Metaspace       used 7292K, capacity 7587K, committed 7680K, reserved 1056768K
  class space    used 664K, capacity 688K, committed 768K, reserved 1048576K
}
Event: 352.189 GC heap before
{Heap before GC invocations=179 (full 5):
 PSYoungGen      total 17920K, used 15574K [0x00000000eb100000, 0x00000000ecb80000, 0x0000000100000000)
  eden space 8704K, 99% used [0x00000000eb100000,0x00000000eb97db68,0x00000000eb980000)
  from space 9216K, 74% used [0x00000000eb980000,0x00000000ec038000,0x00000000ec280000)
  to   space 9216K, 0% used [0x00000000ec280000,0x00000000ec280000,0x00000000ecb80000)
 ParOldGen       total 130048K, used 114959K [0x00000000c1200000, 0x00000000c9100000, 0x00000000eb100000)
  object space 130048K, 88% used [0x00000000c1200000,0x00000000c8243ff0,0x00000000c9100000)
 Metaspace       used 7292K, capacity 7587K, committed 7680K, reserved 1056768K
  class space    used 664K, capacity 688K, committed 768K, reserved 1048576K
Event: 352.193 GC heap after
Heap after GC invocations=179 (full 5):
 PSYoungGen      total 17920K, used 6976K [0x00000000eb100000, 0x00000000ecb80000, 0x0000000100000000)
  eden space 8704K, 0% used [0x00000000eb100000,0x00000000eb100000,0x00000000eb980000)
  from space 9216K, 75% used [0x00000000ec280000,0x00000000ec950000,0x00000000ecb80000)
  to   space 9216K, 0% used [0x00000000eb980000,0x00000000eb980000,0x00000000ec280000)
 ParOldGen       total 130048K, used 115423K [0x00000000c1200000, 0x00000000c9100000, 0x00000000eb100000)
  object space 130048K, 88% used [0x00000000c1200000,0x00000000c82b7ff0,0x00000000c9100000)
 Metaspace       used 7292K, capacity 7587K, committed 7680K, reserved 1056768K
  class space    used 664K, capacity 688K, committed 768K, reserved 1048576K
}
Event: 353.705 GC heap before
{Heap before GC invocations=180 (full 5):
 PSYoungGen      total 17920K, used 15669K [0x00000000eb100000, 0x00000000ecb80000, 0x0000000100000000)
  eden space 8704K, 99% used [0x00000000eb100000,0x00000000eb97d7c0,0x00000000eb980000)
  from space 9216K, 75% used [0x00000000ec280000,0x00000000ec950000,0x00000000ecb80000)
  to   space 9216K, 0% used [0x00000000eb980000,0x00000000eb980000,0x00000000ec280000)
 ParOldGen       total 130048K, used 115423K [0x00000000c1200000, 0x00000000c9100000, 0x00000000eb100000)
  object space 130048K, 88% used [0x00000000c1200000,0x00000000c82b7ff0,0x00000000c9100000)
 Metaspace       used 7292K, capacity 7587K, committed 7680K, reserved 1056768K
  class space    used 664K, capacity 688K, committed 768K, reserved 1048576K
Event: 353.710 GC heap after
Heap after GC invocations=180 (full 5):
 PSYoungGen      total 17920K, used 7008K [0x00000000eb100000, 0x00000000ecb80000, 0x0000000100000000)
  eden space 8704K, 0% used [0x00000000eb100000,0x00000000eb100000,0x00000000eb980000)
  from space 9216K, 76% used [0x00000000eb980000,0x00000000ec058000,0x00000000ec280000)
  to   space 9216K, 0% used [0x00000000ec280000,0x00000000ec280000,0x00000000ecb80000)
 ParOldGen       total 130048K, used 115887K [0x00000000c1200000, 0x00000000c9100000, 0x00000000eb100000)
  object space 130048K, 89% used [0x00000000c1200000,0x00000000c832bff0,0x00000000c9100000)
 Metaspace       used 7292K, capacity 7587K, committed 7680K, reserved 1056768K
  class space    used 664K, capacity 688K, committed 768K, reserved 1048576K
}
Event: 355.188 GC heap before
{Heap before GC invocations=181 (full 5):
 PSYoungGen      total 17920K, used 15707K [0x00000000eb100000, 0x00000000ecb80000, 0x0000000100000000)
  eden space 8704K, 99% used [0x00000000eb100000,0x00000000eb97eec0,0x00000000eb980000)
  from space 9216K, 76% used [0x00000000eb980000,0x00000000ec058000,0x00000000ec280000)
  to   space 9216K, 0% used [0x00000000ec280000,0x00000000ec280000,0x00000000ecb80000)
 ParOldGen       total 130048K, used 115887K [0x00000000c1200000, 0x00000000c9100000, 0x00000000eb100000)
  object space 130048K, 89% used [0x00000000c1200000,0x00000000c832bff0,0x00000000c9100000)
 Metaspace       used 7292K, capacity 7587K, committed 7680K, reserved 1056768K
  class space    used 664K, capacity 688K, committed 768K, reserved 1048576K
Event: 355.193 GC heap after
Heap after GC invocations=181 (full 5):
 PSYoungGen      total 17920K, used 7136K [0x00000000eb100000, 0x00000000ecb80000, 0x0000000100000000)
  eden space 8704K, 0% used [0x00000000eb100000,0x00000000eb100000,0x00000000eb980000)
  from space 9216K, 77% used [0x00000000ec280000,0x00000000ec978000,0x00000000ecb80000)
  to   space 9216K, 0% used [0x00000000eb980000,0x00000000eb980000,0x00000000ec280000)
 ParOldGen       total 130048K, used 116351K [0x00000000c1200000, 0x00000000c9100000, 0x00000000eb100000)
  object space 130048K, 89% used [0x00000000c1200000,0x00000000c839fff0,0x00000000c9100000)
 Metaspace       used 7292K, capacity 7587K, committed 7680K, reserved 1056768K
  class space    used 664K, capacity 688K, committed 768K, reserved 1048576K
}
Event: 356.671 GC heap before
{Heap before GC invocations=182 (full 5):
 PSYoungGen      total 17920K, used 15832K [0x00000000eb100000, 0x00000000ecb80000, 0x0000000100000000)
  eden space 8704K, 99% used [0x00000000eb100000,0x00000000eb97e170,0x00000000eb980000)
  from space 9216K, 77% used [0x00000000ec280000,0x00000000ec978000,0x00000000ecb80000)
  to   space 9216K, 0% used [0x00000000eb980000,0x00000000eb980000,0x00000000ec280000)
 ParOldGen       total 130048K, used 116351K [0x00000000c1200000, 0x00000000c9100000, 0x00000000eb100000)
  object space 130048K, 89% used [0x00000000c1200000,0x00000000c839fff0,0x00000000c9100000)
 Metaspace       used 7292K, capacity 7587K, committed 7680K, reserved 1056768K
  class space    used 664K, capacity 688K, committed 768K, reserved 1048576K
Event: 356.677 GC heap after
Heap after GC invocations=182 (full 5):
 PSYoungGen      total 17920K, used 7168K [0x00000000eb100000, 0x00000000ecb80000, 0x0000000100000000)
  eden space 8704K, 0% used [0x00000000eb100000,0x00000000eb100000,0x00000000eb980000)
  from space 9216K, 77% used [0x00000000eb980000,0x00000000ec080000,0x00000000ec280000)
  to   space 9216K, 0% used [0x00000000ec280000,0x00000000ec280000,0x00000000ecb80000)
 ParOldGen       total 130048K, used 116807K [0x00000000c1200000, 0x00000000c9100000, 0x00000000eb100000)
  object space 130048K, 89% used [0x00000000c1200000,0x00000000c8411ff0,0x00000000c9100000)
 Metaspace       used 7292K, capacity 7587K, committed 7680K, reserved 1056768K
  class space    used 664K, capacity 688K, committed 768K, reserved 1048576K
}

Deoptimization events (8 events):
Event: 0.554 Thread 0x00000000009de800 Uncommon trap: reason=unstable_if action=reinterpret pc=0x000000000253cbe4 method=sun.nio.cs.SingleByte$Encoder.encode(C)I @ 13
Event: 7.599 Thread 0x0000000016651800 Uncommon trap: reason=unstable_if action=reinterpret pc=0x0000000002763f34 method=org.lwjgl.opengl.Sync.sync(I)V @ 30
Event: 7.688 Thread 0x0000000016651800 Uncommon trap: reason=null_check action=make_not_entrant pc=0x00000000027ad0f0 method=com.badlogic.gdx.utils.ObjectIntMap.put(Ljava/lang/Object;I)V @ 43
Event: 7.822 Thread 0x0000000016651800 Uncommon trap: reason=null_check action=make_not_entrant pc=0x00000000027aad78 method=com.badlogic.gdx.utils.ObjectIntMap.put(Ljava/lang/Object;I)V @ 75
Event: 7.971 Thread 0x0000000016651800 Uncommon trap: reason=null_check action=make_not_entrant pc=0x00000000027b0018 method=com.badlogic.gdx.utils.ObjectIntMap.put(Ljava/lang/Object;I)V @ 107
Event: 47.917 Thread 0x0000000016651800 Uncommon trap: reason=unstable_if action=reinterpret pc=0x0000000002835d9c method=java.util.ArrayList.clear()V @ 17
Event: 48.068 Thread 0x0000000016651800 Uncommon trap: reason=unstable_if action=reinterpret pc=0x0000000002803158 method=org.lwjgl.input.Keyboard.isKeyDown(I)Z @ 29
Event: 105.038 Thread 0x0000000016651800 Uncommon trap: reason=unstable_if action=reinterpret pc=0x000000000286d36c method=org.lwjgl.opengl.WindowsDisplay.update()V @ 7

Internal exceptions (10 events):
Event: 0.141 Thread 0x00000000009de800 Exception <a 'java/security/PrivilegedActionException'> (0x00000000eb37d720) thrown at [C:\re\workspace\8-2-build-windows-amd64-cygwin\jdk8u66\5298\hotspot\src\share\vm\prims\jvm.cpp, line 1386]
Event: 0.611 Thread 0x00000000009de800 Exception <a 'java/security/PrivilegedActionException'> (0x00000000eb5670c0) thrown at [C:\re\workspace\8-2-build-windows-amd64-cygwin\jdk8u66\5298\hotspot\src\share\vm\prims\jvm.cpp, line 1386]
Event: 0.611 Thread 0x00000000009de800 Exception <a 'java/security/PrivilegedActionException'> (0x00000000eb568d98) thrown at [C:\re\workspace\8-2-build-windows-amd64-cygwin\jdk8u66\5298\hotspot\src\share\vm\prims\jvm.cpp, line 1386]
Event: 0.611 Thread 0x00000000009de800 Exception <a 'java/security/PrivilegedActionException'> (0x00000000eb569f08) thrown at [C:\re\workspace\8-2-build-windows-amd64-cygwin\jdk8u66\5298\hotspot\src\share\vm\prims\jvm.cpp, line 1386]
Event: 0.611 Thread 0x00000000009de800 Exception <a 'java/security/PrivilegedActionException'> (0x00000000eb56f070) thrown at [C:\re\workspace\8-2-build-windows-amd64-cygwin\jdk8u66\5298\hotspot\src\share\vm\prims\jvm.cpp, line 1386]
Event: 0.611 Thread 0x00000000009de800 Exception <a 'java/security/PrivilegedActionException'> (0x00000000eb56fcc8) thrown at [C:\re\workspace\8-2-build-windows-amd64-cygwin\jdk8u66\5298\hotspot\src\share\vm\prims\jvm.cpp, line 1386]
Event: 0.611 Thread 0x00000000009de800 Exception <a 'java/security/PrivilegedActionException'> (0x00000000eb5708f0) thrown at [C:\re\workspace\8-2-build-windows-amd64-cygwin\jdk8u66\5298\hotspot\src\share\vm\prims\jvm.cpp, line 1386]
Event: 7.688 Thread 0x0000000016651800 Implicit null exception at 0x00000000027acb2e to 0x00000000027ad0c5
Event: 7.822 Thread 0x0000000016651800 Implicit null exception at 0x00000000027aa822 to 0x00000000027aad45
Event: 7.971 Thread 0x0000000016651800 Implicit null exception at 0x00000000027afbd0 to 0x00000000027affdd

Events (10 events):
Event: 350.722 Executing VM operation: ParallelGCFailedAllocation
Event: 350.727 Executing VM operation: ParallelGCFailedAllocation done
Event: 352.189 Executing VM operation: ParallelGCFailedAllocation
Event: 352.193 Executing VM operation: ParallelGCFailedAllocation done
Event: 353.705 Executing VM operation: ParallelGCFailedAllocation
Event: 353.710 Executing VM operation: ParallelGCFailedAllocation done
Event: 355.188 Executing VM operation: ParallelGCFailedAllocation
Event: 355.193 Executing VM operation: ParallelGCFailedAllocation done
Event: 356.671 Executing VM operation: ParallelGCFailedAllocation
Event: 356.677 Executing VM operation: ParallelGCFailedAllocation done


Dynamic libraries:
0x00007ff6ecce0000 - 0x00007ff6ecd17000 	C:\Program Files\Java\jre1.8.0_65\bin\javaw.exe
0x00007ffe595b0000 - 0x00007ffe59771000 	C:\WINDOWS\SYSTEM32\ntdll.dll
0x00007ffe589b0000 - 0x00007ffe58a5d000 	C:\WINDOWS\system32\KERNEL32.DLL
0x00007ffe567c0000 - 0x00007ffe569a8000 	C:\WINDOWS\system32\KERNELBASE.dll
0x00007ffe587f0000 - 0x00007ffe58897000 	C:\WINDOWS\system32\ADVAPI32.dll
0x00007ffe59510000 - 0x00007ffe595ad000 	C:\WINDOWS\system32\msvcrt.dll
0x00007ffe594b0000 - 0x00007ffe5950b000 	C:\WINDOWS\system32\sechost.dll
0x00007ffe58d70000 - 0x00007ffe58e8c000 	C:\WINDOWS\system32\RPCRT4.dll
0x00007ffe591c0000 - 0x00007ffe59316000 	C:\WINDOWS\system32\USER32.dll
0x00007ffe59320000 - 0x00007ffe594a6000 	C:\WINDOWS\system32\GDI32.dll
0x00007ffe43d30000 - 0x00007ffe43fa4000 	C:\WINDOWS\WinSxS\amd64_microsoft.windows.common-controls_6595b64144ccf1df_6.0.10586.0_none_8c15ae12515e1c22\COMCTL32.dll
0x00007ffe58ed0000 - 0x00007ffe5914d000 	C:\WINDOWS\system32\combase.dll
0x00007ffe55f20000 - 0x00007ffe55f8a000 	C:\WINDOWS\system32\bcryptPrimitives.dll
0x00007ffe58e90000 - 0x00007ffe58ecb000 	C:\WINDOWS\system32\IMM32.DLL
0x0000000063a60000 - 0x0000000063b32000 	C:\Program Files\Java\jre1.8.0_65\bin\msvcr100.dll
0x0000000063fc0000 - 0x0000000064849000 	C:\Program Files\Java\jre1.8.0_65\bin\server\jvm.dll
0x00007ffe57040000 - 0x00007ffe57048000 	C:\WINDOWS\system32\PSAPI.DLL
0x00007ffe542d0000 - 0x00007ffe542f3000 	C:\WINDOWS\SYSTEM32\WINMM.dll
0x00007ffe4a7b0000 - 0x00007ffe4a7b9000 	C:\WINDOWS\SYSTEM32\WSOCK32.dll
0x00007ffe48840000 - 0x00007ffe4884a000 	C:\WINDOWS\SYSTEM32\VERSION.dll
0x00007ffe58c20000 - 0x00007ffe58c8b000 	C:\WINDOWS\system32\WS2_32.dll
0x00000000021c0000 - 0x00000000021ec000 	C:\WINDOWS\SYSTEM32\WINMMBASE.dll
0x00007ffe55fb0000 - 0x00007ffe55ff3000 	C:\WINDOWS\system32\cfgmgr32.dll
0x0000000063fb0000 - 0x0000000063fbf000 	C:\Program Files\Java\jre1.8.0_65\bin\verify.dll
0x0000000063f80000 - 0x0000000063fa9000 	C:\Program Files\Java\jre1.8.0_65\bin\java.dll
0x0000000063f60000 - 0x0000000063f76000 	C:\Program Files\Java\jre1.8.0_65\bin\zip.dll
0x00007ffe57280000 - 0x00007ffe587dc000 	C:\WINDOWS\system32\SHELL32.dll
0x00007ffe56000000 - 0x00007ffe56645000 	C:\WINDOWS\system32\windows.storage.dll
0x00007ffe569b0000 - 0x00007ffe56a02000 	C:\WINDOWS\system32\shlwapi.dll
0x00007ffe55bd0000 - 0x00007ffe55bdf000 	C:\WINDOWS\system32\kernel.appcore.dll
0x00007ffe56650000 - 0x00007ffe56705000 	C:\WINDOWS\system32\shcore.dll
0x00007ffe55be0000 - 0x00007ffe55c2b000 	C:\WINDOWS\system32\powrprof.dll
0x00007ffe55c40000 - 0x00007ffe55c54000 	C:\WINDOWS\system32\profapi.dll
0x0000000065580000 - 0x0000000065616000 	C:\Users\willi\AppData\Local\Temp\libgdxwilli\2ec99cb7\gdx64.dll
0x00007ffe555b0000 - 0x00007ffe555c7000 	C:\WINDOWS\SYSTEM32\CRYPTSP.dll
0x00007ffe55240000 - 0x00007ffe55274000 	C:\WINDOWS\system32\rsaenh.dll
0x00007ffe557d0000 - 0x00007ffe557f9000 	C:\WINDOWS\SYSTEM32\bcrypt.dll
0x00007ffe55390000 - 0x00007ffe553af000 	C:\WINDOWS\SYSTEM32\USERENV.dll
0x00007ffe556d0000 - 0x00007ffe556db000 	C:\WINDOWS\SYSTEM32\CRYPTBASE.dll
0x0000000063f40000 - 0x0000000063f5a000 	C:\Program Files\Java\jre1.8.0_65\bin\net.dll
0x00007ffe55500000 - 0x00007ffe5555c000 	C:\WINDOWS\system32\mswsock.dll
0x00007ffe52b30000 - 0x00007ffe52b68000 	C:\WINDOWS\SYSTEM32\IPHLPAPI.DLL
0x00007ffe587e0000 - 0x00007ffe587e8000 	C:\WINDOWS\system32\NSI.dll
0x00007ffe4cd00000 - 0x00007ffe4cd16000 	C:\WINDOWS\SYSTEM32\dhcpcsvc6.DLL
0x00007ffe4d090000 - 0x00007ffe4d0aa000 	C:\WINDOWS\SYSTEM32\dhcpcsvc.DLL
0x0000000063f20000 - 0x0000000063f31000 	C:\Program Files\Java\jre1.8.0_65\bin\nio.dll
0x0000000180000000 - 0x0000000180053000 	C:\Users\willi\AppData\Local\Temp\libgdxwilli\dc0f0009\lwjgl64.dll
0x00007ffe34450000 - 0x00007ffe34579000 	C:\WINDOWS\SYSTEM32\OPENGL32.dll
0x00007ffe44fe0000 - 0x00007ffe4500e000 	C:\WINDOWS\SYSTEM32\GLU32.dll
0x00007ffe44970000 - 0x00007ffe44a6a000 	C:\WINDOWS\SYSTEM32\DDRAW.dll
0x00007ffe48110000 - 0x00007ffe48118000 	C:\WINDOWS\SYSTEM32\DCIMAN32.dll
0x00000000174a0000 - 0x0000000017504000 	C:\Users\willi\AppData\Local\Temp\libgdxwilli\dc0f0009\OpenAL64.dll
0x00007ffe56ef0000 - 0x00007ffe57033000 	C:\WINDOWS\system32\ole32.dll
0x00007ffe544e0000 - 0x00007ffe54576000 	C:\WINDOWS\system32\uxtheme.dll
0x00007ffe3f7c0000 - 0x00007ffe3f863000 	C:\Program Files\Common Files\microsoft shared\ink\tiptsf.dll
0x00007ffe58c90000 - 0x00007ffe58d51000 	C:\WINDOWS\system32\OLEAUT32.dll
0x00007ffe56a10000 - 0x00007ffe56ab7000 	C:\WINDOWS\system32\clbcatq.dll
0x00007ffe53bd0000 - 0x00007ffe53d56000 	C:\WINDOWS\System32\PROPSYS.dll
0x00007ffe44de0000 - 0x00007ffe44e7c000 	C:\WINDOWS\SYSTEM32\dsound.dll
0x00007ffe4dc00000 - 0x00007ffe4dc70000 	C:\WINDOWS\System32\MMDevApi.dll
0x00007ffe545f0000 - 0x00007ffe54617000 	C:\WINDOWS\System32\DEVOBJ.dll
0x00007ffe36e80000 - 0x00007ffe36f08000 	C:\WINDOWS\SYSTEM32\AUDIOSES.DLL
0x00007ffe4de80000 - 0x00007ffe4dfb6000 	C:\WINDOWS\SYSTEM32\wintypes.dll
0x00007ffe58a60000 - 0x00007ffe58bba000 	C:\WINDOWS\system32\MSCTF.dll
0x00007ffe53480000 - 0x00007ffe534a2000 	C:\WINDOWS\system32\dwmapi.dll
0x00007ffe32200000 - 0x00007ffe32ef5000 	C:\WINDOWS\SYSTEM32\ig9icd64.dll
0x00007ffe4f960000 - 0x00007ffe507d2000 	C:\WINDOWS\SYSTEM32\igc64.dll
0x00007ffe53650000 - 0x00007ffe53663000 	C:\WINDOWS\SYSTEM32\WTSAPI32.dll
0x00007ffe42920000 - 0x00007ffe429b1000 	C:\WINDOWS\SYSTEM32\mscms.dll
0x00007ffe41510000 - 0x00007ffe41552000 	C:\WINDOWS\SYSTEM32\icm32.dll
0x00007ffe48f70000 - 0x00007ffe490cc000 	C:\Windows\System32\uiautomationcore.dll
0x00007ffe55a90000 - 0x00007ffe55b29000 	C:\WINDOWS\SYSTEM32\sxs.dll
0x00007ffe3f750000 - 0x00007ffe3f7ba000 	C:\Windows\System32\OLEACC.dll
0x000000006a740000 - 0x000000006a7f1000 	C:\Users\willi\AppData\Local\Temp\libgdxwilli\c0c1eece\gdx-freetype64.dll

VM Arguments:
jvm_args: -Dfile.encoding=Cp1252 
java_command: com.unimelb.swen30006.metromadness.desktop.DesktopLauncher
java_class_path (initial): C:\Metro Madness\desktop\bin;C:\Users\willi\.gradle\caches\modules-2\files-2.1\com.badlogicgames.gdx\gdx-backend-lwjgl\1.9.2\d710a8704ed584ec2ba9ca52e3a6a5885dd759cc\gdx-backend-lwjgl-1.9.2.jar;C:\Users\willi\.gradle\caches\modules-2\files-2.1\com.badlogicgames.gdx\gdx-freetype-platform\1.9.2\1e1afb0b6c9e8aeb7d495cb8f55c353d3da58cf0\gdx-freetype-platform-1.9.2-natives-desktop.jar;C:\Users\willi\.gradle\caches\modules-2\files-2.1\com.badlogicgames.gdx\gdx-freetype\1.9.2\3609253d14edb1b3ca5aacff4e06989edde75be4\gdx-freetype-1.9.2.jar;C:\Users\willi\.gradle\caches\modules-2\files-2.1\com.badlogicgames.gdx\gdx-platform\1.9.2\dde4cf7e9ce61c24042f512203aed87657496639\gdx-platform-1.9.2-natives-desktop.jar;C:\Users\willi\.gradle\caches\modules-2\files-2.1\com.badlogicgames.gdx\gdx\1.9.2\e641cb91bec06bc64d9ddf7a7d7062caceec73cd\gdx-1.9.2.jar;C:\Users\willi\.gradle\caches\modules-2\files-2.1\com.badlogicgames.jlayer\jlayer\1.0.1-gdx\7cca83cec5c1b2f011362f4d85aabd71a73b049d\jlayer-1.0.1-gdx.jar;C:\Users\willi\.gradle\caches\modules-2\files-2.1\net.java.jinput\jinput-platform\2.0.5\385ee093e01f587f30ee1c8a2ee7d408fd732e16\jinput-platform-2.0.5-natives-windows.jar;C:\Users\willi\.gradle\caches\modules-2\files-2.1\net.java.jinput\jinput-platform\2.0.5\53f9c919f34d2ca9de8c51fc4e1e8282029a9232\jinput-platform-2.0.5-natives-osx.jar;C:\Users\willi\.gradle\caches\modules-2\files-2.1\net.java.jinput\jinput-platform\2.0.5\7ff832a6eb9ab6a767f1ade2b548092d0fa64795\jinput-platform-2.0.5-natives-linux.jar;C:\Users\willi\.gradle\caches\modules-2\files-2.1\net.java.jinput\jinput\2.0.5\39c7796b469a600f72380316f6b1f11db6c2c7c4\jinput-2.0.5.jar;C:\Users\willi\.gradle\caches\modules-2\files-2.1\net.java.jutils\jutils\1.0.0\e12fe1fda814bd348c1579329c86943d2cd3c6a6\jutils-1.0.0.jar;C:\Users\willi\.gradle\caches\modules-2\files-2.1\org.jcraft\jorbis\0.0.17\8872d22b293e8f5d7d56ff92be966e6dc28ebdc6\jorbis-0.0.17.jar;C:\Users\willi\.gradle\caches\modules-2\files-2.1\org.lw
Launcher Type: SUN_STANDARD

Environment Variables:
PATH=C:/Program Files/Java/jre1.8.0_65/bin/server;C:/Program Files/Java/jre1.8.0_65/bin;C:/Program Files/Java/jre1.8.0_65/lib/amd64;C:\ProgramData\Oracle\Java\javapath;C:\WINDOWS\system32;C:\WINDOWS;C:\WINDOWS\System32\Wbem;C:\WINDOWS\System32\WindowsPowerShell\v1.0\;C:\Users\willi\.dnx\bin;C:\Program Files\Microsoft DNX\Dnvm\;C:\Program Files\Microsoft SQL Server\120\Tools\Binn\;C:\Program Files (x86)\Windows Kits\10\Windows Performance Toolkit\;C:\Program Files\Microsoft\Web Platform Installer\;C:\Program Files (x86)\GtkSharp\2.12\bin;C:\Program Files (x86)\Microsoft Emulator Manager\1.0\;C:\adb;C:\Program Files (x86)\Bitvise SSH Client;C:\Program Files\TortoiseSVN\bin;C:\MinGW\bin;C:\Users\willi\eclipse\jee-mars\eclipse;
USERNAME=willi
OS=Windows_NT
PROCESSOR_IDENTIFIER=Intel64 Family 6 Model 78 Stepping 3, GenuineIntel



---------------  S Y S T E M  ---------------

OS: Windows 10.0 , 64 bit Build 10586 (10.0.10586.0)

CPU:total 4 (2 cores per cpu, 2 threads per core) family 6 model 78 stepping 3, cmov, cx8, fxsr, mmx, sse, sse2, sse3, ssse3, sse4.1, sse4.2, popcnt, avx, avx2, aes, clmul, erms, rtm, 3dnowpref, lzcnt, ht, tsc, tscinvbit, bmi1, bmi2, adx

Memory: 4k page, physical 4116436k(242340k free), swap 10590332k(416k free)

vm_info: Java HotSpot(TM) 64-Bit Server VM (25.66-b18) for windows-amd64 JRE (1.8.0_66-b18), built on Nov  9 2015 10:51:13 by "java_re" with MS VC++ 10.0 (VS2010)

time: Sat Apr 16 22:30:04 2016
elapsed time: 357 seconds (0d 0h 5m 57s)

