#
# A fatal error has been detected by the Java Runtime Environment:
#
#  EXCEPTION_ACCESS_VIOLATION (0xc0000005) at pc=0x00007fff9e12655b, pid=8052, tid=9380
#
# JRE version: Java(TM) SE Runtime Environment (8.0_66-b18) (build 1.8.0_66-b18)
# Java VM: Java HotSpot(TM) 64-Bit Server VM (25.66-b18 mixed mode windows-amd64 compressed oops)
# Problematic frame:
# C  [ig9icd64.dll+0x65655b]
#
# Failed to write core dump. Minidumps are not enabled by default on client versions of Windows
#
# If you would like to submit a bug report, please visit:
#   http://bugreport.java.com/bugreport/crash.jsp
# The crash happened outside the Java Virtual Machine in native code.
# See problematic frame for where to report the bug.
#

---------------  T H R E A D  ---------------

Current thread (0x000000001659f000):  JavaThread "LWJGL Application" [_thread_in_native, id=9380, stack(0x0000000017390000,0x0000000017490000)]

siginfo: ExceptionCode=0xc0000005, writing address 0x0000000000000001

Registers:
RAX=0x0000000000000043, RBX=0x000000001748cbe5, RCX=0x0000000000000001, RDX=0x0000000000000004
RSP=0x000000001748cb90, RBP=0x000000001748cbe8, RSI=0x0000000000000004, RDI=0x000000001748cbe8
R8 =0xffffffffe8b7341c, R9 =0x000000001748cc90, R10=0x000000001748cba0, R11=0xffffffffffffffff
R12=0x000000001748d068, R13=0x000000001748d450, R14=0x0000000000000448, R15=0x000000001748d450
RIP=0x00007fff9e12655b, EFLAGS=0x0000000000010202

Top of Stack: (sp=0x000000001748cb90)
0x000000001748cb90:   0000000000000000 0000000000000000
0x000000001748cba0:   0000000000000000 0000000000000000
0x000000001748cbb0:   000000026c9ea1c0 00007fff9e128838
0x000000001748cbc0:   000000001748cd50 000000001748ccc0
0x000000001748cbd0:   0000000000000000 0000000000000000
0x000000001748cbe0:   dec0434200000000 0000000000000000
0x000000001748cbf0:   0000000000000000 0000000000040000
0x000000001748cc00:   000000026c5b9a20 0000000000000000
0x000000001748cc10:   000000026c9ea2b8 000000005807a850
0x000000001748cc20:   0000000017480104 000000001748d068
0x000000001748cc30:   000000001748cbe8 0000000000000080
0x000000001748cc40:   0000000000000002 0000000000000000
0x000000001748cc50:   0000000000000000 0000000000000000
0x000000001748cc60:   0000000000000000 0000000000000000
0x000000001748cc70:   0000000000000000 0000000000000000
0x000000001748cc80:   0000000000000000 0000000000000000 

Instructions: (pc=0x00007fff9e12655b)
0x00007fff9e12653b:   08 33 c0 48 3b dd 48 8b d6 48 0f 47 d0 48 85 d2
0x00007fff9e12654b:   74 1f 4c 8b c3 49 f7 d8 48 85 c9 74 05 0f b6 03
0x00007fff9e12655b:   88 01 48 ff c3 48 ff c1 49 8d 04 18 48 3b c2 75
0x00007fff9e12656b:   e7 48 01 77 08 48 8b 5c 24 30 48 8b 6c 24 38 48 


Register to memory mapping:

RAX=0x0000000000000043 is an unknown value
RBX=0x000000001748cbe5 is pointing into the stack for thread: 0x000000001659f000
RCX=0x0000000000000001 is an unknown value
RDX=0x0000000000000004 is an unknown value
RSP=0x000000001748cb90 is pointing into the stack for thread: 0x000000001659f000
RBP=0x000000001748cbe8 is pointing into the stack for thread: 0x000000001659f000
RSI=0x0000000000000004 is an unknown value
RDI=0x000000001748cbe8 is pointing into the stack for thread: 0x000000001659f000
R8 =0xffffffffe8b7341c is an unknown value
R9 =0x000000001748cc90 is pointing into the stack for thread: 0x000000001659f000
R10=0x000000001748cba0 is pointing into the stack for thread: 0x000000001659f000
R11=0xffffffffffffffff is an unknown value
R12=0x000000001748d068 is pointing into the stack for thread: 0x000000001659f000
R13=0x000000001748d450 is pointing into the stack for thread: 0x000000001659f000
R14=0x0000000000000448 is an unknown value
R15=0x000000001748d450 is pointing into the stack for thread: 0x000000001659f000


Stack: [0x0000000017390000,0x0000000017490000],  sp=0x000000001748cb90,  free space=1010k
Native frames: (J=compiled Java code, j=interpreted, Vv=VM code, C=native code)
C  [ig9icd64.dll+0x65655b]

Java frames: (J=compiled Java code, j=interpreted, Vv=VM code)
J 1033  org.lwjgl.opengl.GL20.nglLinkProgram(IJ)V (0 bytes) @ 0x0000000002708144 [0x0000000002708100+0x44]
J 1157 C2 com.badlogic.gdx.graphics.g2d.SpriteBatch.createDefaultShader()Lcom/badlogic/gdx/graphics/glutils/ShaderProgram; (55 bytes) @ 0x000000000279db64 [0x000000000279cb20+0x1044]
J 820 C2 com.badlogic.gdx.graphics.g2d.SpriteBatch.<init>(ILcom/badlogic/gdx/graphics/glutils/ShaderProgram;)V (416 bytes) @ 0x0000000002659d8c [0x0000000002658760+0x162c]
J 1199 C2 com.unimelb.swen30006.metromadness.MetroMadness.render()V (137 bytes) @ 0x00000000027c2680 [0x00000000027c2280+0x400]
j  com.badlogic.gdx.backends.lwjgl.LwjglApplication.mainLoop()V+698
j  com.badlogic.gdx.backends.lwjgl.LwjglApplication$1.run()V+27
v  ~StubRoutines::call_stub

---------------  P R O C E S S  ---------------

Java Threads: ( => current thread )
  0x0000000017834800 JavaThread "LWJGL Timer" daemon [_thread_blocked, id=7172, stack(0x00000000588b0000,0x00000000589b0000)]
  0x00000000021ee800 JavaThread "DestroyJavaVM" [_thread_blocked, id=6884, stack(0x00000000020a0000,0x00000000021a0000)]
=>0x000000001659f000 JavaThread "LWJGL Application" [_thread_in_native, id=9380, stack(0x0000000017390000,0x0000000017490000)]
  0x000000001499d800 JavaThread "Service Thread" daemon [_thread_blocked, id=7756, stack(0x0000000016670000,0x0000000016770000)]
  0x0000000014946000 JavaThread "C1 CompilerThread2" daemon [_thread_blocked, id=764, stack(0x0000000016170000,0x0000000016270000)]
  0x0000000014942800 JavaThread "C2 CompilerThread1" daemon [_thread_blocked, id=176, stack(0x0000000016070000,0x0000000016170000)]
  0x000000001493e800 JavaThread "C2 CompilerThread0" daemon [_thread_blocked, id=6748, stack(0x0000000015f70000,0x0000000016070000)]
  0x000000001493d000 JavaThread "Attach Listener" daemon [_thread_blocked, id=8712, stack(0x0000000015e70000,0x0000000015f70000)]
  0x000000001493c000 JavaThread "Signal Dispatcher" daemon [_thread_blocked, id=7004, stack(0x0000000015d70000,0x0000000015e70000)]
  0x0000000002317800 JavaThread "Finalizer" daemon [_thread_blocked, id=4564, stack(0x0000000015b90000,0x0000000015c90000)]
  0x000000000230f800 JavaThread "Reference Handler" daemon [_thread_blocked, id=484, stack(0x0000000015a90000,0x0000000015b90000)]

Other Threads:
  0x0000000014907000 VMThread [stack: 0x0000000015990000,0x0000000015a90000] [id=1284]
  0x00000000162ad800 WatcherThread [stack: 0x0000000016770000,0x0000000016870000] [id=7760]

VM state:not at safepoint (normal execution)

VM Mutex/Monitor currently owned by a thread: None

Heap:
 PSYoungGen      total 17408K, used 13656K [0x00000000eb100000, 0x00000000ecb00000, 0x0000000100000000)
  eden space 9216K, 63% used [0x00000000eb100000,0x00000000eb6b61c8,0x00000000eba00000)
  from space 8192K, 95% used [0x00000000eba00000,0x00000000ec1a0000,0x00000000ec200000)
  to   space 8704K, 0% used [0x00000000ec280000,0x00000000ec280000,0x00000000ecb00000)
 ParOldGen       total 143360K, used 136851K [0x00000000c1200000, 0x00000000c9e00000, 0x00000000eb100000)
  object space 143360K, 95% used [0x00000000c1200000,0x00000000c97a4ff8,0x00000000c9e00000)
 Metaspace       used 7298K, capacity 7587K, committed 7680K, reserved 1056768K
  class space    used 662K, capacity 688K, committed 768K, reserved 1048576K

Card table byte_map: [0x00000000116e0000,0x00000000118e0000] byte_map_base: 0x00000000110d7000

Marking Bits: (ParMarkBitMap*) 0x000000005984a5b0
 Begin Bits: [0x0000000011e30000, 0x0000000012de8000)
 End Bits:   [0x0000000012de8000, 0x0000000013da0000)

Polling page: 0x00000000001f0000

CodeCache: size=245760Kb used=4452Kb max_used=4809Kb free=241307Kb
 bounds [0x0000000002320000, 0x00000000027e0000, 0x0000000011320000]
 total_blobs=1574 nmethods=1105 adapters=382
 compilation: enabled

Compilation events (10 events):
Event: 344.028 Thread 0x0000000014946000 1231       3       com.unimelb.swen30006.metromadness.tracks.Line::nextStation (78 bytes)
Event: 344.029 Thread 0x0000000014946000 nmethod 1231 0x00000000024ee7d0 code [0x00000000024ee9e0, 0x00000000024ef2b8]
Event: 344.617 Thread 0x0000000014946000 1232       3       com.unimelb.swen30006.metromadness.tracks.DualTrack::leaveTrack (21 bytes)
Event: 344.618 Thread 0x0000000014946000 nmethod 1232 0x000000000244ca10 code [0x000000000244cb80, 0x000000000244cd70]
Event: 359.982 Thread 0x0000000014946000 1233       3       org.lwjgl.opengl.Display::sync (5 bytes)
Event: 359.982 Thread 0x0000000014946000 nmethod 1233 0x00000000024ee010 code [0x00000000024ee180, 0x00000000024ee2e8]
Event: 375.414 Thread 0x0000000014942800 1234       4       org.lwjgl.opengl.Sync$RunningAvg::dampenForLowResTicker (42 bytes)
Event: 375.439 Thread 0x0000000014942800 nmethod 1234 0x00000000024fb950 code [0x00000000024fbaa0, 0x00000000024fbc18]
Event: 388.295 Thread 0x000000001493e800 1235 % !   4       com.unimelb.swen30006.metromadness.stations.ActiveStation::enterStation @ 39 (179 bytes)
Event: 388.379 Thread 0x000000001493e800 nmethod 1235% 0x0000000002566190 code [0x0000000002566460, 0x0000000002568788]

GC Heap History (10 events):
Event: 409.693 GC heap before
{Heap before GC invocations=227 (full 6):
 PSYoungGen      total 16896K, used 16800K [0x00000000eb100000, 0x00000000ec900000, 0x0000000100000000)
  eden space 9216K, 100% used [0x00000000eb100000,0x00000000eba00000,0x00000000eba00000)
  from space 7680K, 98% used [0x00000000ec180000,0x00000000ec8e8000,0x00000000ec900000)
  to   space 7680K, 0% used [0x00000000eba00000,0x00000000eba00000,0x00000000ec180000)
 ParOldGen       total 143360K, used 134315K [0x00000000c1200000, 0x00000000c9e00000, 0x00000000eb100000)
  object space 143360K, 93% used [0x00000000c1200000,0x00000000c952aff8,0x00000000c9e00000)
 Metaspace       used 7298K, capacity 7587K, committed 7680K, reserved 1056768K
  class space    used 662K, capacity 688K, committed 768K, reserved 1048576K
Event: 409.697 GC heap after
Heap after GC invocations=227 (full 6):
 PSYoungGen      total 16896K, used 7616K [0x00000000eb100000, 0x00000000eca00000, 0x0000000100000000)
  eden space 9216K, 0% used [0x00000000eb100000,0x00000000eb100000,0x00000000eba00000)
  from space 7680K, 99% used [0x00000000eba00000,0x00000000ec170000,0x00000000ec180000)
  to   space 8192K, 0% used [0x00000000ec200000,0x00000000ec200000,0x00000000eca00000)
 ParOldGen       total 143360K, used 134819K [0x00000000c1200000, 0x00000000c9e00000, 0x00000000eb100000)
  object space 143360K, 94% used [0x00000000c1200000,0x00000000c95a8ff8,0x00000000c9e00000)
 Metaspace       used 7298K, capacity 7587K, committed 7680K, reserved 1056768K
  class space    used 662K, capacity 688K, committed 768K, reserved 1048576K
}
Event: 411.276 GC heap before
{Heap before GC invocations=228 (full 6):
 PSYoungGen      total 16896K, used 16832K [0x00000000eb100000, 0x00000000eca00000, 0x0000000100000000)
  eden space 9216K, 100% used [0x00000000eb100000,0x00000000eba00000,0x00000000eba00000)
  from space 7680K, 99% used [0x00000000eba00000,0x00000000ec170000,0x00000000ec180000)
  to   space 8192K, 0% used [0x00000000ec200000,0x00000000ec200000,0x00000000eca00000)
 ParOldGen       total 143360K, used 134819K [0x00000000c1200000, 0x00000000c9e00000, 0x00000000eb100000)
  object space 143360K, 94% used [0x00000000c1200000,0x00000000c95a8ff8,0x00000000c9e00000)
 Metaspace       used 7298K, capacity 7587K, committed 7680K, reserved 1056768K
  class space    used 662K, capacity 688K, committed 768K, reserved 1048576K
Event: 411.281 GC heap after
Heap after GC invocations=228 (full 6):
 PSYoungGen      total 17408K, used 7648K [0x00000000eb100000, 0x00000000eca00000, 0x0000000100000000)
  eden space 9216K, 0% used [0x00000000eb100000,0x00000000eb100000,0x00000000eba00000)
  from space 8192K, 93% used [0x00000000ec200000,0x00000000ec978000,0x00000000eca00000)
  to   space 8192K, 0% used [0x00000000eba00000,0x00000000eba00000,0x00000000ec200000)
 ParOldGen       total 143360K, used 135315K [0x00000000c1200000, 0x00000000c9e00000, 0x00000000eb100000)
  object space 143360K, 94% used [0x00000000c1200000,0x00000000c9624ff8,0x00000000c9e00000)
 Metaspace       used 7298K, capacity 7587K, committed 7680K, reserved 1056768K
  class space    used 662K, capacity 688K, committed 768K, reserved 1048576K
}
Event: 412.842 GC heap before
{Heap before GC invocations=229 (full 6):
 PSYoungGen      total 17408K, used 16864K [0x00000000eb100000, 0x00000000eca00000, 0x0000000100000000)
  eden space 9216K, 100% used [0x00000000eb100000,0x00000000eba00000,0x00000000eba00000)
  from space 8192K, 93% used [0x00000000ec200000,0x00000000ec978000,0x00000000eca00000)
  to   space 8192K, 0% used [0x00000000eba00000,0x00000000eba00000,0x00000000ec200000)
 ParOldGen       total 143360K, used 135315K [0x00000000c1200000, 0x00000000c9e00000, 0x00000000eb100000)
  object space 143360K, 94% used [0x00000000c1200000,0x00000000c9624ff8,0x00000000c9e00000)
 Metaspace       used 7298K, capacity 7587K, committed 7680K, reserved 1056768K
  class space    used 662K, capacity 688K, committed 768K, reserved 1048576K
Event: 412.848 GC heap after
Heap after GC invocations=229 (full 6):
 PSYoungGen      total 17408K, used 7712K [0x00000000eb100000, 0x00000000eca00000, 0x0000000100000000)
  eden space 9216K, 0% used [0x00000000eb100000,0x00000000eb100000,0x00000000eba00000)
  from space 8192K, 94% used [0x00000000eba00000,0x00000000ec188000,0x00000000ec200000)
  to   space 8192K, 0% used [0x00000000ec200000,0x00000000ec200000,0x00000000eca00000)
 ParOldGen       total 143360K, used 135835K [0x00000000c1200000, 0x00000000c9e00000, 0x00000000eb100000)
  object space 143360K, 94% used [0x00000000c1200000,0x00000000c96a6ff8,0x00000000c9e00000)
 Metaspace       used 7298K, capacity 7587K, committed 7680K, reserved 1056768K
  class space    used 662K, capacity 688K, committed 768K, reserved 1048576K
}
Event: 414.392 GC heap before
{Heap before GC invocations=230 (full 6):
 PSYoungGen      total 17408K, used 16851K [0x00000000eb100000, 0x00000000eca00000, 0x0000000100000000)
  eden space 9216K, 99% used [0x00000000eb100000,0x00000000eb9ece50,0x00000000eba00000)
  from space 8192K, 94% used [0x00000000eba00000,0x00000000ec188000,0x00000000ec200000)
  to   space 8192K, 0% used [0x00000000ec200000,0x00000000ec200000,0x00000000eca00000)
 ParOldGen       total 143360K, used 135835K [0x00000000c1200000, 0x00000000c9e00000, 0x00000000eb100000)
  object space 143360K, 94% used [0x00000000c1200000,0x00000000c96a6ff8,0x00000000c9e00000)
 Metaspace       used 7298K, capacity 7587K, committed 7680K, reserved 1056768K
  class space    used 662K, capacity 688K, committed 768K, reserved 1048576K
Event: 414.396 GC heap after
Heap after GC invocations=230 (full 6):
 PSYoungGen      total 17408K, used 7776K [0x00000000eb100000, 0x00000000eca00000, 0x0000000100000000)
  eden space 9216K, 0% used [0x00000000eb100000,0x00000000eb100000,0x00000000eba00000)
  from space 8192K, 94% used [0x00000000ec200000,0x00000000ec998000,0x00000000eca00000)
  to   space 8192K, 0% used [0x00000000eba00000,0x00000000eba00000,0x00000000ec200000)
 ParOldGen       total 143360K, used 136331K [0x00000000c1200000, 0x00000000c9e00000, 0x00000000eb100000)
  object space 143360K, 95% used [0x00000000c1200000,0x00000000c9722ff8,0x00000000c9e00000)
 Metaspace       used 7298K, capacity 7587K, committed 7680K, reserved 1056768K
  class space    used 662K, capacity 688K, committed 768K, reserved 1048576K
}
Event: 415.942 GC heap before
{Heap before GC invocations=231 (full 6):
 PSYoungGen      total 17408K, used 16981K [0x00000000eb100000, 0x00000000eca00000, 0x0000000100000000)
  eden space 9216K, 99% used [0x00000000eb100000,0x00000000eb9fd4d0,0x00000000eba00000)
  from space 8192K, 94% used [0x00000000ec200000,0x00000000ec998000,0x00000000eca00000)
  to   space 8192K, 0% used [0x00000000eba00000,0x00000000eba00000,0x00000000ec200000)
 ParOldGen       total 143360K, used 136331K [0x00000000c1200000, 0x00000000c9e00000, 0x00000000eb100000)
  object space 143360K, 95% used [0x00000000c1200000,0x00000000c9722ff8,0x00000000c9e00000)
 Metaspace       used 7298K, capacity 7587K, committed 7680K, reserved 1056768K
  class space    used 662K, capacity 688K, committed 768K, reserved 1048576K
Event: 415.948 GC heap after
Heap after GC invocations=231 (full 6):
 PSYoungGen      total 17408K, used 7808K [0x00000000eb100000, 0x00000000ecb00000, 0x0000000100000000)
  eden space 9216K, 0% used [0x00000000eb100000,0x00000000eb100000,0x00000000eba00000)
  from space 8192K, 95% used [0x00000000eba00000,0x00000000ec1a0000,0x00000000ec200000)
  to   space 8704K, 0% used [0x00000000ec280000,0x00000000ec280000,0x00000000ecb00000)
 ParOldGen       total 143360K, used 136851K [0x00000000c1200000, 0x00000000c9e00000, 0x00000000eb100000)
  object space 143360K, 95% used [0x00000000c1200000,0x00000000c97a4ff8,0x00000000c9e00000)
 Metaspace       used 7298K, capacity 7587K, committed 7680K, reserved 1056768K
  class space    used 662K, capacity 688K, committed 768K, reserved 1048576K
}

Deoptimization events (8 events):
Event: 0.607 Thread 0x00000000021ee800 Uncommon trap: reason=unstable_if action=reinterpret pc=0x000000000246dde4 method=sun.nio.cs.SingleByte$Encoder.encode(C)I @ 13
Event: 7.416 Thread 0x000000001659f000 Uncommon trap: reason=null_check action=make_not_entrant pc=0x00000000026e1030 method=com.badlogic.gdx.utils.ObjectIntMap.put(Ljava/lang/Object;I)V @ 43
Event: 7.550 Thread 0x000000001659f000 Uncommon trap: reason=null_check action=make_not_entrant pc=0x00000000026df0f8 method=com.badlogic.gdx.utils.ObjectIntMap.put(Ljava/lang/Object;I)V @ 75
Event: 7.699 Thread 0x000000001659f000 Uncommon trap: reason=null_check action=make_not_entrant pc=0x00000000026e3f58 method=com.badlogic.gdx.utils.ObjectIntMap.put(Ljava/lang/Object;I)V @ 107
Event: 49.124 Thread 0x000000001659f000 Uncommon trap: reason=unstable_if action=reinterpret pc=0x00000000027456dc method=java.util.ArrayList.clear()V @ 17
Event: 49.841 Thread 0x000000001659f000 Uncommon trap: reason=unstable_if action=reinterpret pc=0x0000000002745398 method=org.lwjgl.input.Keyboard.isKeyDown(I)Z @ 29
Event: 202.491 Thread 0x000000000230f800 Uncommon trap: reason=unstable_if action=reinterpret pc=0x0000000002453368 method=sun.misc.Cleaner.remove(Lsun/misc/Cleaner;)Z @ 14
Event: 357.816 Thread 0x000000001659f000 Uncommon trap: reason=unstable_if action=reinterpret pc=0x000000000278f3f0 method=org.lwjgl.opengl.Sync.sync(I)V @ 77

Internal exceptions (10 events):
Event: 0.167 Thread 0x00000000021ee800 Exception <a 'java/security/PrivilegedActionException'> (0x00000000eb37d6c0) thrown at [C:\re\workspace\8-2-build-windows-amd64-cygwin\jdk8u66\5298\hotspot\src\share\vm\prims\jvm.cpp, line 1386]
Event: 0.717 Thread 0x00000000021ee800 Exception <a 'java/security/PrivilegedActionException'> (0x00000000eb569318) thrown at [C:\re\workspace\8-2-build-windows-amd64-cygwin\jdk8u66\5298\hotspot\src\share\vm\prims\jvm.cpp, line 1386]
Event: 0.718 Thread 0x00000000021ee800 Exception <a 'java/security/PrivilegedActionException'> (0x00000000eb56aff0) thrown at [C:\re\workspace\8-2-build-windows-amd64-cygwin\jdk8u66\5298\hotspot\src\share\vm\prims\jvm.cpp, line 1386]
Event: 0.718 Thread 0x00000000021ee800 Exception <a 'java/security/PrivilegedActionException'> (0x00000000eb56c160) thrown at [C:\re\workspace\8-2-build-windows-amd64-cygwin\jdk8u66\5298\hotspot\src\share\vm\prims\jvm.cpp, line 1386]
Event: 0.718 Thread 0x00000000021ee800 Exception <a 'java/security/PrivilegedActionException'> (0x00000000eb5712c8) thrown at [C:\re\workspace\8-2-build-windows-amd64-cygwin\jdk8u66\5298\hotspot\src\share\vm\prims\jvm.cpp, line 1386]
Event: 0.718 Thread 0x00000000021ee800 Exception <a 'java/security/PrivilegedActionException'> (0x00000000eb571f20) thrown at [C:\re\workspace\8-2-build-windows-amd64-cygwin\jdk8u66\5298\hotspot\src\share\vm\prims\jvm.cpp, line 1386]
Event: 0.718 Thread 0x00000000021ee800 Exception <a 'java/security/PrivilegedActionException'> (0x00000000eb572b48) thrown at [C:\re\workspace\8-2-build-windows-amd64-cygwin\jdk8u66\5298\hotspot\src\share\vm\prims\jvm.cpp, line 1386]
Event: 7.416 Thread 0x000000001659f000 Implicit null exception at 0x00000000026e0a6e to 0x00000000026e1005
Event: 7.550 Thread 0x000000001659f000 Implicit null exception at 0x00000000026deba2 to 0x00000000026df0c5
Event: 7.699 Thread 0x000000001659f000 Implicit null exception at 0x00000000026e3b10 to 0x00000000026e3f1d

Events (10 events):
Event: 409.693 Executing VM operation: ParallelGCFailedAllocation
Event: 409.697 Executing VM operation: ParallelGCFailedAllocation done
Event: 411.276 Executing VM operation: ParallelGCFailedAllocation
Event: 411.281 Executing VM operation: ParallelGCFailedAllocation done
Event: 412.842 Executing VM operation: ParallelGCFailedAllocation
Event: 412.848 Executing VM operation: ParallelGCFailedAllocation done
Event: 414.392 Executing VM operation: ParallelGCFailedAllocation
Event: 414.396 Executing VM operation: ParallelGCFailedAllocation done
Event: 415.942 Executing VM operation: ParallelGCFailedAllocation
Event: 415.948 Executing VM operation: ParallelGCFailedAllocation done


Dynamic libraries:
0x00007ff65e380000 - 0x00007ff65e3b7000 	C:\Program Files\Java\jre1.8.0_65\bin\javaw.exe
0x00007fffc3160000 - 0x00007fffc3321000 	C:\WINDOWS\SYSTEM32\ntdll.dll
0x00007fffc2cd0000 - 0x00007fffc2d7d000 	C:\WINDOWS\system32\KERNEL32.DLL
0x00007fffbfbf0000 - 0x00007fffbfdd8000 	C:\WINDOWS\system32\KERNELBASE.dll
0x00007fffc2f50000 - 0x00007fffc2ff7000 	C:\WINDOWS\system32\ADVAPI32.dll
0x00007fffc0720000 - 0x00007fffc07bd000 	C:\WINDOWS\system32\msvcrt.dll
0x00007fffc20e0000 - 0x00007fffc213b000 	C:\WINDOWS\system32\sechost.dll
0x00007fffc07c0000 - 0x00007fffc08dc000 	C:\WINDOWS\system32\RPCRT4.dll
0x00007fffc2df0000 - 0x00007fffc2f46000 	C:\WINDOWS\system32\USER32.dll
0x00007fffc21a0000 - 0x00007fffc2326000 	C:\WINDOWS\system32\GDI32.dll
0x00007fffad8d0000 - 0x00007fffadb44000 	C:\WINDOWS\WinSxS\amd64_microsoft.windows.common-controls_6595b64144ccf1df_6.0.10586.0_none_8c15ae12515e1c22\COMCTL32.dll
0x00007fffc2a40000 - 0x00007fffc2cbd000 	C:\WINDOWS\system32\combase.dll
0x00007fffbf920000 - 0x00007fffbf98a000 	C:\WINDOWS\system32\bcryptPrimitives.dll
0x00007fffc2a00000 - 0x00007fffc2a3b000 	C:\WINDOWS\system32\IMM32.DLL
0x0000000058aa0000 - 0x0000000058b72000 	C:\Program Files\Java\jre1.8.0_65\bin\msvcr100.dll
0x0000000059040000 - 0x00000000598c9000 	C:\Program Files\Java\jre1.8.0_65\bin\server\jvm.dll
0x00007fffc2d80000 - 0x00007fffc2d88000 	C:\WINDOWS\system32\PSAPI.DLL
0x00007fffbde80000 - 0x00007fffbdea3000 	C:\WINDOWS\SYSTEM32\WINMM.dll
0x00007fffadd50000 - 0x00007fffadd59000 	C:\WINDOWS\SYSTEM32\WSOCK32.dll
0x00007fffb2440000 - 0x00007fffb244a000 	C:\WINDOWS\SYSTEM32\VERSION.dll
0x00007fffc2920000 - 0x00007fffc298b000 	C:\WINDOWS\system32\WS2_32.dll
0x00007fffbde50000 - 0x00007fffbde7c000 	C:\WINDOWS\SYSTEM32\WINMMBASE.dll
0x00007fffbf810000 - 0x00007fffbf853000 	C:\WINDOWS\system32\cfgmgr32.dll
0x0000000059030000 - 0x000000005903f000 	C:\Program Files\Java\jre1.8.0_65\bin\verify.dll
0x0000000059000000 - 0x0000000059029000 	C:\Program Files\Java\jre1.8.0_65\bin\java.dll
0x0000000058fe0000 - 0x0000000058ff6000 	C:\Program Files\Java\jre1.8.0_65\bin\zip.dll
0x00007fffc09d0000 - 0x00007fffc1f2c000 	C:\WINDOWS\system32\SHELL32.dll
0x00007fffbff10000 - 0x00007fffc0555000 	C:\WINDOWS\system32\windows.storage.dll
0x00007fffc2330000 - 0x00007fffc2382000 	C:\WINDOWS\system32\shlwapi.dll
0x00007fffbf790000 - 0x00007fffbf79f000 	C:\WINDOWS\system32\kernel.appcore.dll
0x00007fffbf860000 - 0x00007fffbf915000 	C:\WINDOWS\system32\shcore.dll
0x00007fffbf7a0000 - 0x00007fffbf7eb000 	C:\WINDOWS\system32\powrprof.dll
0x00007fffbf7f0000 - 0x00007fffbf804000 	C:\WINDOWS\system32\profapi.dll
0x0000000065580000 - 0x0000000065616000 	C:\Users\willi\AppData\Local\Temp\libgdxwilli\2ec99cb7\gdx64.dll
0x00007fffbf160000 - 0x00007fffbf177000 	C:\WINDOWS\SYSTEM32\CRYPTSP.dll
0x00007fffbedf0000 - 0x00007fffbee24000 	C:\WINDOWS\system32\rsaenh.dll
0x00007fffbf380000 - 0x00007fffbf3a9000 	C:\WINDOWS\SYSTEM32\bcrypt.dll
0x00007fffbef40000 - 0x00007fffbef5f000 	C:\WINDOWS\SYSTEM32\USERENV.dll
0x00007fffbf280000 - 0x00007fffbf28b000 	C:\WINDOWS\SYSTEM32\CRYPTBASE.dll
0x0000000058fc0000 - 0x0000000058fda000 	C:\Program Files\Java\jre1.8.0_65\bin\net.dll
0x00007fffbf0b0000 - 0x00007fffbf10c000 	C:\WINDOWS\system32\mswsock.dll
0x00007fffbbbe0000 - 0x00007fffbbc18000 	C:\WINDOWS\SYSTEM32\IPHLPAPI.DLL
0x00007fffc2cc0000 - 0x00007fffc2cc8000 	C:\WINDOWS\system32\NSI.dll
0x00007fffb6a00000 - 0x00007fffb6a16000 	C:\WINDOWS\SYSTEM32\dhcpcsvc6.DLL
0x00007fffb6950000 - 0x00007fffb696a000 	C:\WINDOWS\SYSTEM32\dhcpcsvc.DLL
0x0000000058fa0000 - 0x0000000058fb1000 	C:\Program Files\Java\jre1.8.0_65\bin\nio.dll
0x0000000180000000 - 0x0000000180053000 	C:\Users\willi\AppData\Local\Temp\libgdxwilli\dc0f0009\lwjgl64.dll
0x00007fffacac0000 - 0x00007fffacbe9000 	C:\WINDOWS\SYSTEM32\OPENGL32.dll
0x00007fffb27b0000 - 0x00007fffb27de000 	C:\WINDOWS\SYSTEM32\GLU32.dll
0x00007fffaa1f0000 - 0x00007fffaa2ea000 	C:\WINDOWS\SYSTEM32\DDRAW.dll
0x00007fffbc7e0000 - 0x00007fffbc7e8000 	C:\WINDOWS\SYSTEM32\DCIMAN32.dll
0x0000000016bb0000 - 0x0000000016c14000 	C:\Users\willi\AppData\Local\Temp\libgdxwilli\dc0f0009\OpenAL64.dll
0x00007fffc3010000 - 0x00007fffc3153000 	C:\WINDOWS\system32\ole32.dll
0x00007fffbe090000 - 0x00007fffbe126000 	C:\WINDOWS\system32\uxtheme.dll
0x00007fffa9c70000 - 0x00007fffa9d13000 	C:\Program Files\Common Files\microsoft shared\ink\tiptsf.dll
0x00007fffc08e0000 - 0x00007fffc09a1000 	C:\WINDOWS\system32\OLEAUT32.dll
0x00007fffc0670000 - 0x00007fffc0717000 	C:\WINDOWS\system32\clbcatq.dll
0x00007fffbd940000 - 0x00007fffbdac6000 	C:\WINDOWS\System32\PROPSYS.dll
0x00007fffaf570000 - 0x00007fffaf60c000 	C:\WINDOWS\SYSTEM32\dsound.dll
0x00007fffb7230000 - 0x00007fffb72a0000 	C:\WINDOWS\System32\MMDevApi.dll
0x00007fffbe1a0000 - 0x00007fffbe1c7000 	C:\WINDOWS\System32\DEVOBJ.dll
0x00007fffa0390000 - 0x00007fffa0418000 	C:\WINDOWS\SYSTEM32\AUDIOSES.DLL
0x00007fffb7cc0000 - 0x00007fffb7df6000 	C:\WINDOWS\SYSTEM32\wintypes.dll
0x00007fffc2390000 - 0x00007fffc24ea000 	C:\WINDOWS\system32\MSCTF.dll
0x00007fffbd1b0000 - 0x00007fffbd1d2000 	C:\WINDOWS\system32\dwmapi.dll
0x00007fff9dad0000 - 0x00007fff9e7c5000 	C:\WINDOWS\SYSTEM32\ig9icd64.dll
0x00007fffb9790000 - 0x00007fffba602000 	C:\WINDOWS\SYSTEM32\igc64.dll
0x00007fffbdcc0000 - 0x00007fffbdcd3000 	C:\WINDOWS\SYSTEM32\WTSAPI32.dll
0x00007fffaf0c0000 - 0x00007fffaf151000 	C:\WINDOWS\SYSTEM32\mscms.dll
0x00007fffaeca0000 - 0x00007fffaece2000 	C:\WINDOWS\SYSTEM32\icm32.dll
0x00007fffb36c0000 - 0x00007fffb381c000 	C:\Windows\System32\uiautomationcore.dll
0x00007fffbf640000 - 0x00007fffbf6d9000 	C:\WINDOWS\SYSTEM32\sxs.dll
0x00007fffa9c00000 - 0x00007fffa9c6a000 	C:\Windows\System32\OLEACC.dll
0x000000006a740000 - 0x000000006a7f1000 	C:\Users\willi\AppData\Local\Temp\libgdxwilli\c0c1eece\gdx-freetype64.dll

VM Arguments:
jvm_args: -Dfile.encoding=Cp1252 
java_command: com.unimelb.swen30006.metromadness.desktop.DesktopLauncher
java_class_path (initial): C:\Metro Madness\desktop\bin;C:\Users\willi\.gradle\caches\modules-2\files-2.1\com.badlogicgames.gdx\gdx-backend-lwjgl\1.9.2\d710a8704ed584ec2ba9ca52e3a6a5885dd759cc\gdx-backend-lwjgl-1.9.2.jar;C:\Users\willi\.gradle\caches\modules-2\files-2.1\com.badlogicgames.gdx\gdx-freetype-platform\1.9.2\1e1afb0b6c9e8aeb7d495cb8f55c353d3da58cf0\gdx-freetype-platform-1.9.2-natives-desktop.jar;C:\Users\willi\.gradle\caches\modules-2\files-2.1\com.badlogicgames.gdx\gdx-freetype\1.9.2\3609253d14edb1b3ca5aacff4e06989edde75be4\gdx-freetype-1.9.2.jar;C:\Users\willi\.gradle\caches\modules-2\files-2.1\com.badlogicgames.gdx\gdx-platform\1.9.2\dde4cf7e9ce61c24042f512203aed87657496639\gdx-platform-1.9.2-natives-desktop.jar;C:\Users\willi\.gradle\caches\modules-2\files-2.1\com.badlogicgames.gdx\gdx\1.9.2\e641cb91bec06bc64d9ddf7a7d7062caceec73cd\gdx-1.9.2.jar;C:\Users\willi\.gradle\caches\modules-2\files-2.1\com.badlogicgames.jlayer\jlayer\1.0.1-gdx\7cca83cec5c1b2f011362f4d85aabd71a73b049d\jlayer-1.0.1-gdx.jar;C:\Users\willi\.gradle\caches\modules-2\files-2.1\net.java.jinput\jinput-platform\2.0.5\385ee093e01f587f30ee1c8a2ee7d408fd732e16\jinput-platform-2.0.5-natives-windows.jar;C:\Users\willi\.gradle\caches\modules-2\files-2.1\net.java.jinput\jinput-platform\2.0.5\53f9c919f34d2ca9de8c51fc4e1e8282029a9232\jinput-platform-2.0.5-natives-osx.jar;C:\Users\willi\.gradle\caches\modules-2\files-2.1\net.java.jinput\jinput-platform\2.0.5\7ff832a6eb9ab6a767f1ade2b548092d0fa64795\jinput-platform-2.0.5-natives-linux.jar;C:\Users\willi\.gradle\caches\modules-2\files-2.1\net.java.jinput\jinput\2.0.5\39c7796b469a600f72380316f6b1f11db6c2c7c4\jinput-2.0.5.jar;C:\Users\willi\.gradle\caches\modules-2\files-2.1\net.java.jutils\jutils\1.0.0\e12fe1fda814bd348c1579329c86943d2cd3c6a6\jutils-1.0.0.jar;C:\Users\willi\.gradle\caches\modules-2\files-2.1\org.jcraft\jorbis\0.0.17\8872d22b293e8f5d7d56ff92be966e6dc28ebdc6\jorbis-0.0.17.jar;C:\Users\willi\.gradle\caches\modules-2\files-2.1\org.lw
Launcher Type: SUN_STANDARD

Environment Variables:
PATH=C:/Program Files/Java/jre1.8.0_65/bin/server;C:/Program Files/Java/jre1.8.0_65/bin;C:/Program Files/Java/jre1.8.0_65/lib/amd64;C:\ProgramData\Oracle\Java\javapath;C:\WINDOWS\system32;C:\WINDOWS;C:\WINDOWS\System32\Wbem;C:\WINDOWS\System32\WindowsPowerShell\v1.0\;C:\Users\willi\.dnx\bin;C:\Program Files\Microsoft DNX\Dnvm\;C:\Program Files\Microsoft SQL Server\120\Tools\Binn\;C:\Program Files (x86)\Windows Kits\10\Windows Performance Toolkit\;C:\Program Files\Microsoft\Web Platform Installer\;C:\Program Files (x86)\GtkSharp\2.12\bin;C:\Program Files (x86)\Microsoft Emulator Manager\1.0\;C:\adb;C:\Program Files (x86)\Bitvise SSH Client;C:\Program Files\TortoiseSVN\bin;C:\MinGW\bin;C:\Users\willi\eclipse\jee-mars\eclipse;
USERNAME=willi
OS=Windows_NT
PROCESSOR_IDENTIFIER=Intel64 Family 6 Model 78 Stepping 3, GenuineIntel



---------------  S Y S T E M  ---------------

OS: Windows 10.0 , 64 bit Build 10586 (10.0.10586.0)

CPU:total 4 (2 cores per cpu, 2 threads per core) family 6 model 78 stepping 3, cmov, cx8, fxsr, mmx, sse, sse2, sse3, ssse3, sse4.1, sse4.2, popcnt, avx, avx2, aes, clmul, erms, rtm, 3dnowpref, lzcnt, ht, tsc, tscinvbit, bmi1, bmi2, adx

Memory: 4k page, physical 4116436k(94928k free), swap 10613312k(0k free)

vm_info: Java HotSpot(TM) 64-Bit Server VM (25.66-b18) for windows-amd64 JRE (1.8.0_66-b18), built on Nov  9 2015 10:51:13 by "java_re" with MS VC++ 10.0 (VS2010)

time: Sun Apr 17 04:30:29 2016
elapsed time: 416 seconds (0d 0h 6m 56s)

